INFO 2026-03-04 18:33:38,691 Auth info was exported to ./.tmp/auth_info.json api\debug\debug.cpp:17 Home@LENOVOZ
ERROR 2026-03-04 18:33:55,933 NE_RS_UNBLDRE: Unable to load application resource file /resources/.well-known/appspecific/com.chrome.devtools.json api\debug\debug.cpp:20 Home@LENOVOZ
ERROR 2026-03-04 18:33:55,935 NE_RS_UNBLDRE: Unable to load application resource file /resources/favicon.ico api\debug\debug.cpp:20 Home@LENOVOZ
INFO 2026-03-04 18:43:17,470 Auth info was exported to ./.tmp/auth_info.json api\debug\debug.cpp:17 Home@LENOVOZ
ERROR 2026-03-04 18:43:48,903 NE_RS_UNBLDRE: Unable to load application resource file /resources/.well-known/appspecific/com.chrome.devtools.json api\debug\debug.cpp:20 Home@LENOVOZ
ERROR 2026-03-04 18:43:53,714 NE_RS_UNBLDRE: Unable to load application resource file /resources/favicon.ico api\debug\debug.cpp:20 Home@LENOVOZ
INFO 2026-03-04 18:51:11,267 Reloading the application... api\debug\debug.cpp:17 Home@LENOVOZ
ERROR 2026-03-04 18:51:17,495 NE_RS_UNBLDRE: Unable to load application resource file /resources/.well-known/appspecific/com.chrome.devtools.json api\debug\debug.cpp:20 Home@LENOVOZ
INFO 2026-03-04 18:52:01,922 Reloading the application... api\debug\debug.cpp:17 Home@LENOVOZ
ERROR 2026-03-04 18:52:03,031 NE_RS_UNBLDRE: Unable to load application resource file /resources/.well-known/appspecific/com.chrome.devtools.json api\debug\debug.cpp:20 Home@LENOVOZ
INFO 2026-03-04 18:52:05,580 Reloading the application... api\debug\debug.cpp:17 Home@LENOVOZ
ERROR 2026-03-04 18:52:05,745 NE_RS_UNBLDRE: Unable to load application resource file /resources/.well-known/appspecific/com.chrome.devtools.json api\debug\debug.cpp:20 Home@LENOVOZ
INFO 2026-03-04 18:53:01,684 Reloading the application... api\debug\debug.cpp:17 Home@LENOVOZ
ERROR 2026-03-04 18:53:01,800 NE_RS_UNBLDRE: Unable to load application resource file /resources/.well-known/appspecific/com.chrome.devtools.json api\debug\debug.cpp:20 Home@LENOVOZ
INFO 2026-03-04 18:53:07,065 Reloading the application... api\debug\debug.cpp:17 Home@LENOVOZ
ERROR 2026-03-04 18:53:07,186 NE_RS_UNBLDRE: Unable to load application resource file /resources/.well-known/appspecific/com.chrome.devtools.json api\debug\debug.cpp:20 Home@LENOVOZ
INFO 2026-03-04 18:53:30,529 Reloading the application... api\debug\debug.cpp:17 Home@LENOVOZ
ERROR 2026-03-04 18:53:30,583 NE_RS_UNBLDRE: Unable to load application resource file /resources/.well-known/appspecific/com.chrome.devtools.json api\debug\debug.cpp:20 Home@LENOVOZ
INFO 2026-03-04 18:53:33,378 Reloading the application... api\debug\debug.cpp:17 Home@LENOVOZ
ERROR 2026-03-04 18:53:33,579 NE_RS_UNBLDRE: Unable to load application resource file /resources/.well-known/appspecific/com.chrome.devtools.json api\debug\debug.cpp:20 Home@LENOVOZ
INFO 2026-03-04 18:53:47,546 Reloading the application... api\debug\debug.cpp:17 Home@LENOVOZ
ERROR 2026-03-04 18:53:47,644 NE_RS_UNBLDRE: Unable to load application resource file /resources/.well-known/appspecific/com.chrome.devtools.json api\debug\debug.cpp:20 Home@LENOVOZ
INFO 2026-03-04 18:53:51,381 Reloading the application... api\debug\debug.cpp:17 Home@LENOVOZ
ERROR 2026-03-04 18:53:51,526 NE_RS_UNBLDRE: Unable to load application resource file /resources/.well-known/appspecific/com.chrome.devtools.json api\debug\debug.cpp:20 Home@LENOVOZ
INFO 2026-03-04 18:54:04,976 Reloading the application... api\debug\debug.cpp:17 Home@LENOVOZ
ERROR 2026-03-04 18:54:05,033 NE_RS_UNBLDRE: Unable to load application resource file /resources/.well-known/appspecific/com.chrome.devtools.json api\debug\debug.cpp:20 Home@LENOVOZ
INFO 2026-03-04 18:54:06,227 Reloading the application... api\debug\debug.cpp:17 Home@LENOVOZ
ERROR 2026-03-04 18:54:06,359 NE_RS_UNBLDRE: Unable to load application resource file /resources/.well-known/appspecific/com.chrome.devtools.json api\debug\debug.cpp:20 Home@LENOVOZ
ERROR 2026-03-04 18:56:23,056 NE_RS_UNBLDRE: Unable to load application resource file /resources/alarm.mp3 api\debug\debug.cpp:20 Home@LENOVOZ
INFO 2026-03-04 19:14:50,582 Auth info was exported to ./.tmp/auth_info.json api\debug\debug.cpp:17 Home@LENOVOZ
ERROR 2026-03-04 19:15:08,032 NE_RS_UNBLDRE: Unable to load application resource file /resources/.well-known/appspecific/com.chrome.devtools.json api\debug\debug.cpp:20 Home@LENOVOZ
ERROR 2026-03-04 19:15:08,032 NE_RS_UNBLDRE: Unable to load application resource file /resources/alarm.mp3 api\debug\debug.cpp:20 Home@LENOVOZ
ERROR 2026-03-04 19:15:08,073 NE_RS_UNBLDRE: Unable to load application resource file /resources/favicon.ico api\debug\debug.cpp:20 Home@LENOVOZ
INFO 2026-03-04 19:27:52,738 Reloading the application... api\debug\debug.cpp:17 Home@LENOVOZ
ERROR 2026-03-04 19:28:05,759 NE_RS_UNBLDRE: Unable to load application resource file /resources/alarm.mp3 api\debug\debug.cpp:20 Home@LENOVOZ
ERROR 2026-03-04 19:28:06,253 NE_RS_UNBLDRE: Unable to load application resource file /resources/.well-known/appspecific/com.chrome.devtools.json api\debug\debug.cpp:20 Home@LENOVOZ
INFO 2026-03-04 19:28:07,250 Reloading the application... api\debug\debug.cpp:17 Home@LENOVOZ
ERROR 2026-03-04 19:28:07,286 NE_RS_UNBLDRE: Unable to load application resource file /resources/.well-known/appspecific/com.chrome.devtools.json api\debug\debug.cpp:20 Home@LENOVOZ
INFO 2026-03-04 19:32:08,379 Auth info was exported to ./.tmp/auth_info.json api\debug\debug.cpp:17 Home@LENOVOZ
ERROR 2026-03-04 19:32:24,088 NE_RS_UNBLDRE: Unable to load application resource file /resources/alarm.mp3 api\debug\debug.cpp:20 Home@LENOVOZ
ERROR 2026-03-04 19:32:24,090 NE_RS_UNBLDRE: Unable to load application resource file /resources/.well-known/appspecific/com.chrome.devtools.json api\debug\debug.cpp:20 Home@LENOVOZ
ERROR 2026-03-04 19:32:24,187 NE_RS_UNBLDRE: Unable to load application resource file /resources/favicon.ico api\debug\debug.cpp:20 Home@LENOVOZ
INFO 2026-03-04 19:40:36,656 Reloading the application... api\debug\debug.cpp:17 Home@LENOVOZ
ERROR 2026-03-04 19:40:39,760 NE_RS_UNBLDRE: Unable to load application resource file /resources/.well-known/appspecific/com.chrome.devtools.json api\debug\debug.cpp:20 Home@LENOVOZ
ERROR 2026-03-04 19:40:41,877 NE_RS_UNBLDRE: Unable to load application resource file /resources/alarm.mp3 api\debug\debug.cpp:20 Home@LENOVOZ
INFO 2026-03-04 19:42:02,950 Reloading the application... api\debug\debug.cpp:17 Home@LENOVOZ
ERROR 2026-03-04 19:42:03,042 NE_RS_UNBLDRE: Unable to load application resource file /resources/.well-known/appspecific/com.chrome.devtools.json api\debug\debug.cpp:20 Home@LENOVOZ
ERROR 2026-03-04 19:42:03,064 NE_RS_UNBLDRE: Unable to load application resource file /resources/alarm.mp3 api\debug\debug.cpp:20 Home@LENOVOZ
INFO 2026-03-04 19:42:04,167 Reloading the application... api\debug\debug.cpp:17 Home@LENOVOZ
ERROR 2026-03-04 19:42:04,255 NE_RS_UNBLDRE: Unable to load application resource file /resources/.well-known/appspecific/com.chrome.devtools.json api\debug\debug.cpp:20 Home@LENOVOZ
ERROR 2026-03-04 19:42:04,261 NE_RS_UNBLDRE: Unable to load application resource file /resources/alarm.mp3 api\debug\debug.cpp:20 Home@LENOVOZ
INFO 2026-03-04 19:42:11,808 Reloading the application... api\debug\debug.cpp:17 Home@LENOVOZ
ERROR 2026-03-04 19:42:12,130 NE_RS_UNBLDRE: Unable to load application resource file /resources/alarm.mp3 api\debug\debug.cpp:20 Home@LENOVOZ
ERROR 2026-03-04 19:42:12,135 NE_RS_UNBLDRE: Unable to load application resource file /resources/.well-known/appspecific/com.chrome.devtools.json api\debug\debug.cpp:20 Home@LENOVOZ
INFO 2026-03-04 19:42:25,031 Reloading the application... api\debug\debug.cpp:17 Home@LENOVOZ
ERROR 2026-03-04 19:42:25,153 NE_RS_UNBLDRE: Unable to load application resource file /resources/.well-known/appspecific/com.chrome.devtools.json api\debug\debug.cpp:20 Home@LENOVOZ
ERROR 2026-03-04 19:42:25,157 NE_RS_UNBLDRE: Unable to load application resource file /resources/alarm.mp3 api\debug\debug.cpp:20 Home@LENOVOZ
INFO 2026-03-04 19:42:29,739 Reloading the application... api\debug\debug.cpp:17 Home@LENOVOZ
ERROR 2026-03-04 19:42:29,832 NE_RS_UNBLDRE: Unable to load application resource file /resources/.well-known/appspecific/com.chrome.devtools.json api\debug\debug.cpp:20 Home@LENOVOZ
ERROR 2026-03-04 19:42:29,838 NE_RS_UNBLDRE: Unable to load application resource file /resources/alarm.mp3 api\debug\debug.cpp:20 Home@LENOVOZ
INFO 2026-03-04 19:42:33,094 Reloading the application... api\debug\debug.cpp:17 Home@LENOVOZ
ERROR 2026-03-04 19:42:33,651 NE_RS_UNBLDRE: Unable to load application resource file /resources/.well-known/appspecific/com.chrome.devtools.json api\debug\debug.cpp:20 Home@LENOVOZ
ERROR 2026-03-04 19:42:33,657 NE_RS_UNBLDRE: Unable to load application resource file /resources/alarm.mp3 api\debug\debug.cpp:20 Home@LENOVOZ
INFO 2026-03-04 19:42:41,676 Reloading the application... api\debug\debug.cpp:17 Home@LENOVOZ
ERROR 2026-03-04 19:42:41,724 NE_RS_UNBLDRE: Unable to load application resource file /resources/alarm.mp3 api\debug\debug.cpp:20 Home@LENOVOZ
ERROR 2026-03-04 19:42:41,788 NE_RS_UNBLDRE: Unable to load application resource file /resources/.well-known/appspecific/com.chrome.devtools.json api\debug\debug.cpp:20 Home@LENOVOZ
INFO 2026-03-04 19:42:52,257 Reloading the application... api\debug\debug.cpp:17 Home@LENOVOZ
ERROR 2026-03-04 19:42:52,312 NE_RS_UNBLDRE: Unable to load application resource file /resources/alarm.mp3 api\debug\debug.cpp:20 Home@LENOVOZ
ERROR 2026-03-04 19:42:52,323 NE_RS_UNBLDRE: Unable to load application resource file /resources/.well-known/appspecific/com.chrome.devtools.json api\debug\debug.cpp:20 Home@LENOVOZ
INFO 2026-03-04 19:42:53,984 Reloading the application... api\debug\debug.cpp:17 Home@LENOVOZ
ERROR 2026-03-04 19:42:54,085 NE_RS_UNBLDRE: Unable to load application resource file /resources/alarm.mp3 api\debug\debug.cpp:20 Home@LENOVOZ
ERROR 2026-03-04 19:42:54,096 NE_RS_UNBLDRE: Unable to load application resource file /resources/.well-known/appspecific/com.chrome.devtools.json api\debug\debug.cpp:20 Home@LENOVOZ
INFO 2026-03-04 19:42:55,120 Reloading the application... api\debug\debug.cpp:17 Home@LENOVOZ
ERROR 2026-03-04 19:42:55,272 NE_RS_UNBLDRE: Unable to load application resource file /resources/.well-known/appspecific/com.chrome.devtools.json api\debug\debug.cpp:20 Home@LENOVOZ
ERROR 2026-03-04 19:42:55,277 NE_RS_UNBLDRE: Unable to load application resource file /resources/alarm.mp3 api\debug\debug.cpp:20 Home@LENOVOZ
INFO 2026-03-04 19:42:56,654 Reloading the application... api\debug\debug.cpp:17 Home@LENOVOZ
ERROR 2026-03-04 19:42:56,778 NE_RS_UNBLDRE: Unable to load application resource file /resources/alarm.mp3 api\debug\debug.cpp:20 Home@LENOVOZ
ERROR 2026-03-04 19:42:56,783 NE_RS_UNBLDRE: Unable to load application resource file /resources/.well-known/appspecific/com.chrome.devtools.json api\debug\debug.cpp:20 Home@LENOVOZ
INFO 2026-03-04 19:42:59,160 Reloading the application... api\debug\debug.cpp:17 Home@LENOVOZ
ERROR 2026-03-04 19:42:59,268 NE_RS_UNBLDRE: Unable to load application resource file /resources/.well-known/appspecific/com.chrome.devtools.json api\debug\debug.cpp:20 Home@LENOVOZ
ERROR 2026-03-04 19:42:59,275 NE_RS_UNBLDRE: Unable to load application resource file /resources/alarm.mp3 api\debug\debug.cpp:20 Home@LENOVOZ
INFO 2026-03-04 19:43:12,082 Reloading the application... api\debug\debug.cpp:17 Home@LENOVOZ
ERROR 2026-03-04 19:43:12,190 NE_RS_UNBLDRE: Unable to load application resource file /resources/.well-known/appspecific/com.chrome.devtools.json api\debug\debug.cpp:20 Home@LENOVOZ
ERROR 2026-03-04 19:43:12,190 NE_RS_UNBLDRE: Unable to load application resource file /resources/alarm.mp3 api\debug\debug.cpp:20 Home@LENOVOZ
INFO 2026-03-04 19:43:13,403 Reloading the application... api\debug\debug.cpp:17 Home@LENOVOZ
ERROR 2026-03-04 19:43:13,517 NE_RS_UNBLDRE: Unable to load application resource file /resources/.well-known/appspecific/com.chrome.devtools.json api\debug\debug.cpp:20 Home@LENOVOZ
ERROR 2026-03-04 19:43:13,544 NE_RS_UNBLDRE: Unable to load application resource file /resources/alarm.mp3 api\debug\debug.cpp:20 Home@LENOVOZ
INFO 2026-03-04 19:43:14,542 Reloading the application... api\debug\debug.cpp:17 Home@LENOVOZ
ERROR 2026-03-04 19:43:14,738 NE_RS_UNBLDRE: Unable to load application resource file /resources/alarm.mp3 api\debug\debug.cpp:20 Home@LENOVOZ
ERROR 2026-03-04 19:43:14,738 NE_RS_UNBLDRE: Unable to load application resource file /resources/.well-known/appspecific/com.chrome.devtools.json api\debug\debug.cpp:20 Home@LENOVOZ
INFO 2026-03-04 19:43:22,514 Reloading the application... api\debug\debug.cpp:17 Home@LENOVOZ
ERROR 2026-03-04 19:43:22,565 NE_RS_UNBLDRE: Unable to load application resource file /resources/alarm.mp3 api\debug\debug.cpp:20 Home@LENOVOZ
ERROR 2026-03-04 19:43:22,607 NE_RS_UNBLDRE: Unable to load application resource file /resources/.well-known/appspecific/com.chrome.devtools.json api\debug\debug.cpp:20 Home@LENOVOZ
INFO 2026-03-04 19:43:25,810 Reloading the application... api\debug\debug.cpp:17 Home@LENOVOZ
ERROR 2026-03-04 19:43:25,915 NE_RS_UNBLDRE: Unable to load application resource file /resources/alarm.mp3 api\debug\debug.cpp:20 Home@LENOVOZ
ERROR 2026-03-04 19:43:26,074 NE_RS_UNBLDRE: Unable to load application resource file /resources/.well-known/appspecific/com.chrome.devtools.json api\debug\debug.cpp:20 Home@LENOVOZ
INFO 2026-03-04 19:43:29,272 Reloading the application... api\debug\debug.cpp:17 Home@LENOVOZ
ERROR 2026-03-04 19:43:29,392 NE_RS_UNBLDRE: Unable to load application resource file /resources/.well-known/appspecific/com.chrome.devtools.json api\debug\debug.cpp:20 Home@LENOVOZ
ERROR 2026-03-04 19:43:29,399 NE_RS_UNBLDRE: Unable to load application resource file /resources/alarm.mp3 api\debug\debug.cpp:20 Home@LENOVOZ
INFO 2026-03-04 19:43:56,758 Reloading the application... api\debug\debug.cpp:17 Home@LENOVOZ
ERROR 2026-03-04 19:43:56,859 NE_RS_UNBLDRE: Unable to load application resource file /resources/.well-known/appspecific/com.chrome.devtools.json api\debug\debug.cpp:20 Home@LENOVOZ
ERROR 2026-03-04 19:43:56,864 NE_RS_UNBLDRE: Unable to load application resource file /resources/alarm.mp3 api\debug\debug.cpp:20 Home@LENOVOZ
INFO 2026-03-04 19:44:03,667 Reloading the application... api\debug\debug.cpp:17 Home@LENOVOZ
ERROR 2026-03-04 19:44:03,765 NE_RS_UNBLDRE: Unable to load application resource file /resources/alarm.mp3 api\debug\debug.cpp:20 Home@LENOVOZ
ERROR 2026-03-04 19:44:03,916 NE_RS_UNBLDRE: Unable to load application resource file /resources/.well-known/appspecific/com.chrome.devtools.json api\debug\debug.cpp:20 Home@LENOVOZ
INFO 2026-03-04 19:44:07,543 Reloading the application... api\debug\debug.cpp:17 Home@LENOVOZ
ERROR 2026-03-04 19:44:07,690 NE_RS_UNBLDRE: Unable to load application resource file /resources/.well-known/appspecific/com.chrome.devtools.json api\debug\debug.cpp:20 Home@LENOVOZ
ERROR 2026-03-04 19:44:07,699 NE_RS_UNBLDRE: Unable to load application resource file /resources/alarm.mp3 api\debug\debug.cpp:20 Home@LENOVOZ
INFO 2026-03-04 19:44:10,263 Reloading the application... api\debug\debug.cpp:17 Home@LENOVOZ
ERROR 2026-03-04 19:44:10,369 NE_RS_UNBLDRE: Unable to load application resource file /resources/alarm.mp3 api\debug\debug.cpp:20 Home@LENOVOZ
ERROR 2026-03-04 19:44:10,380 NE_RS_UNBLDRE: Unable to load application resource file /resources/.well-known/appspecific/com.chrome.devtools.json api\debug\debug.cpp:20 Home@LENOVOZ
INFO 2026-03-04 19:44:13,405 Reloading the application... api\debug\debug.cpp:17 Home@LENOVOZ
ERROR 2026-03-04 19:44:13,456 NE_RS_UNBLDRE: Unable to load application resource file /resources/alarm.mp3 api\debug\debug.cpp:20 Home@LENOVOZ
ERROR 2026-03-04 19:44:13,495 NE_RS_UNBLDRE: Unable to load application resource file /resources/.well-known/appspecific/com.chrome.devtools.json api\debug\debug.cpp:20 Home@LENOVOZ
INFO 2026-03-04 19:44:18,715 Reloading the application... api\debug\debug.cpp:17 Home@LENOVOZ
ERROR 2026-03-04 19:44:18,776 NE_RS_UNBLDRE: Unable to load application resource file /resources/.well-known/appspecific/com.chrome.devtools.json api\debug\debug.cpp:20 Home@LENOVOZ
ERROR 2026-03-04 19:44:18,778 NE_RS_UNBLDRE: Unable to load application resource file /resources/alarm.mp3 api\debug\debug.cpp:20 Home@LENOVOZ
INFO 2026-03-04 19:44:23,275 Reloading the application... api\debug\debug.cpp:17 Home@LENOVOZ
ERROR 2026-03-04 19:44:23,326 NE_RS_UNBLDRE: Unable to load application resource file /resources/alarm.mp3 api\debug\debug.cpp:20 Home@LENOVOZ
ERROR 2026-03-04 19:44:23,368 NE_RS_UNBLDRE: Unable to load application resource file /resources/.well-known/appspecific/com.chrome.devtools.json api\debug\debug.cpp:20 Home@LENOVOZ
INFO 2026-03-04 19:44:33,911 Reloading the application... api\debug\debug.cpp:17 Home@LENOVOZ
ERROR 2026-03-04 19:44:34,000 NE_RS_UNBLDRE: Unable to load application resource file /resources/alarm.mp3 api\debug\debug.cpp:20 Home@LENOVOZ
ERROR 2026-03-04 19:44:34,008 NE_RS_UNBLDRE: Unable to load application resource file /resources/.well-known/appspecific/com.chrome.devtools.json api\debug\debug.cpp:20 Home@LENOVOZ
INFO 2026-03-04 19:44:37,607 Reloading the application... api\debug\debug.cpp:17 Home@LENOVOZ
ERROR 2026-03-04 19:44:37,705 NE_RS_UNBLDRE: Unable to load application resource file /resources/.well-known/appspecific/com.chrome.devtools.json api\debug\debug.cpp:20 Home@LENOVOZ
ERROR 2026-03-04 19:44:37,705 NE_RS_UNBLDRE: Unable to load application resource file /resources/alarm.mp3 api\debug\debug.cpp:20 Home@LENOVOZ
INFO 2026-03-04 19:44:38,702 Reloading the application... api\debug\debug.cpp:17 Home@LENOVOZ
ERROR 2026-03-04 19:44:38,767 NE_RS_UNBLDRE: Unable to load application resource file /resources/.well-known/appspecific/com.chrome.devtools.json api\debug\debug.cpp:20 Home@LENOVOZ
ERROR 2026-03-04 19:44:38,767 NE_RS_UNBLDRE: Unable to load application resource file /resources/alarm.mp3 api\debug\debug.cpp:20 Home@LENOVOZ
INFO 2026-03-04 19:44:41,536 Reloading the application... api\debug\debug.cpp:17 Home@LENOVOZ
ERROR 2026-03-04 19:44:41,594 NE_RS_UNBLDRE: Unable to load application resource file /resources/alarm.mp3 api\debug\debug.cpp:20 Home@LENOVOZ
ERROR 2026-03-04 19:44:41,618 NE_RS_UNBLDRE: Unable to load application resource file /resources/.well-known/appspecific/com.chrome.devtools.json api\debug\debug.cpp:20 Home@LENOVOZ
INFO 2026-03-04 19:44:42,601 Reloading the application... api\debug\debug.cpp:17 Home@LENOVOZ
ERROR 2026-03-04 19:44:42,655 NE_RS_UNBLDRE: Unable to load application resource file /resources/alarm.mp3 api\debug\debug.cpp:20 Home@LENOVOZ
ERROR 2026-03-04 19:44:42,682 NE_RS_UNBLDRE: Unable to load application resource file /resources/.well-known/appspecific/com.chrome.devtools.json api\debug\debug.cpp:20 Home@LENOVOZ
INFO 2026-03-04 19:44:45,076 Reloading the application... api\debug\debug.cpp:17 Home@LENOVOZ
ERROR 2026-03-04 19:44:45,153 NE_RS_UNBLDRE: Unable to load application resource file /resources/.well-known/appspecific/com.chrome.devtools.json api\debug\debug.cpp:20 Home@LENOVOZ
ERROR 2026-03-04 19:44:45,160 NE_RS_UNBLDRE: Unable to load application resource file /resources/alarm.mp3 api\debug\debug.cpp:20 Home@LENOVOZ
INFO 2026-03-04 19:44:47,668 Reloading the application... api\debug\debug.cpp:17 Home@LENOVOZ
ERROR 2026-03-04 19:44:47,761 NE_RS_UNBLDRE: Unable to load application resource file /resources/.well-known/appspecific/com.chrome.devtools.json api\debug\debug.cpp:20 Home@LENOVOZ
ERROR 2026-03-04 19:44:47,762 NE_RS_UNBLDRE: Unable to load application resource file /resources/alarm.mp3 api\debug\debug.cpp:20 Home@LENOVOZ
INFO 2026-03-04 19:44:53,309 Reloading the application... api\debug\debug.cpp:17 Home@LENOVOZ
ERROR 2026-03-04 19:44:53,362 NE_RS_UNBLDRE: Unable to load application resource file /resources/.well-known/appspecific/com.chrome.devtools.json api\debug\debug.cpp:20 Home@LENOVOZ
ERROR 2026-03-04 19:44:53,370 NE_RS_UNBLDRE: Unable to load application resource file /resources/alarm.mp3 api\debug\debug.cpp:20 Home@LENOVOZ
INFO 2026-03-04 19:45:04,726 Reloading the application... api\debug\debug.cpp:17 Home@LENOVOZ
ERROR 2026-03-04 19:45:04,780 NE_RS_UNBLDRE: Unable to load application resource file /resources/.well-known/appspecific/com.chrome.devtools.json api\debug\debug.cpp:20 Home@LENOVOZ
ERROR 2026-03-04 19:45:04,787 NE_RS_UNBLDRE: Unable to load application resource file /resources/alarm.mp3 api\debug\debug.cpp:20 Home@LENOVOZ
INFO 2026-03-04 19:45:07,402 Reloading the application... api\debug\debug.cpp:17 Home@LENOVOZ
ERROR 2026-03-04 19:45:07,494 NE_RS_UNBLDRE: Unable to load application resource file /resources/.well-known/appspecific/com.chrome.devtools.json api\debug\debug.cpp:20 Home@LENOVOZ
ERROR 2026-03-04 19:45:07,500 NE_RS_UNBLDRE: Unable to load application resource file /resources/alarm.mp3 api\debug\debug.cpp:20 Home@LENOVOZ
INFO 2026-03-04 19:45:10,504 Reloading the application... api\debug\debug.cpp:17 Home@LENOVOZ
ERROR 2026-03-04 19:45:10,700 NE_RS_UNBLDRE: Unable to load application resource file /resources/.well-known/appspecific/com.chrome.devtools.json api\debug\debug.cpp:20 Home@LENOVOZ
ERROR 2026-03-04 19:45:10,700 NE_RS_UNBLDRE: Unable to load application resource file /resources/alarm.mp3 api\debug\debug.cpp:20 Home@LENOVOZ
INFO 2026-03-04 19:45:14,105 Reloading the application... api\debug\debug.cpp:17 Home@LENOVOZ
ERROR 2026-03-04 19:45:14,189 NE_RS_UNBLDRE: Unable to load application resource file /resources/.well-known/appspecific/com.chrome.devtools.json api\debug\debug.cpp:20 Home@LENOVOZ
ERROR 2026-03-04 19:45:14,196 NE_RS_UNBLDRE: Unable to load application resource file /resources/alarm.mp3 api\debug\debug.cpp:20 Home@LENOVOZ
INFO 2026-03-04 19:45:18,824 Reloading the application... api\debug\debug.cpp:17 Home@LENOVOZ
ERROR 2026-03-04 19:45:18,912 NE_RS_UNBLDRE: Unable to load application resource file /resources/.well-known/appspecific/com.chrome.devtools.json api\debug\debug.cpp:20 Home@LENOVOZ
ERROR 2026-03-04 19:45:18,918 NE_RS_UNBLDRE: Unable to load application resource file /resources/alarm.mp3 api\debug\debug.cpp:20 Home@LENOVOZ
INFO 2026-03-04 19:45:19,976 Reloading the application... api\debug\debug.cpp:17 Home@LENOVOZ
ERROR 2026-03-04 19:45:20,051 NE_RS_UNBLDRE: Unable to load application resource file /resources/.well-known/appspecific/com.chrome.devtools.json api\debug\debug.cpp:20 Home@LENOVOZ
ERROR 2026-03-04 19:45:20,056 NE_RS_UNBLDRE: Unable to load application resource file /resources/alarm.mp3 api\debug\debug.cpp:20 Home@LENOVOZ
INFO 2026-03-04 19:45:22,988 Reloading the application... api\debug\debug.cpp:17 Home@LENOVOZ
ERROR 2026-03-04 19:45:23,118 NE_RS_UNBLDRE: Unable to load application resource file /resources/.well-known/appspecific/com.chrome.devtools.json api\debug\debug.cpp:20 Home@LENOVOZ
ERROR 2026-03-04 19:45:23,125 NE_RS_UNBLDRE: Unable to load application resource file /resources/alarm.mp3 api\debug\debug.cpp:20 Home@LENOVOZ
INFO 2026-03-04 19:45:25,882 Reloading the application... api\debug\debug.cpp:17 Home@LENOVOZ
ERROR 2026-03-04 19:45:25,944 NE_RS_UNBLDRE: Unable to load application resource file /resources/.well-known/appspecific/com.chrome.devtools.json api\debug\debug.cpp:20 Home@LENOVOZ
ERROR 2026-03-04 19:45:25,962 NE_RS_UNBLDRE: Unable to load application resource file /resources/alarm.mp3 api\debug\debug.cpp:20 Home@LENOVOZ
INFO 2026-03-04 19:45:37,280 Reloading the application... api\debug\debug.cpp:17 Home@LENOVOZ
ERROR 2026-03-04 19:45:37,378 NE_RS_UNBLDRE: Unable to load application resource file /resources/alarm.mp3 api\debug\debug.cpp:20 Home@LENOVOZ
ERROR 2026-03-04 19:45:37,378 NE_RS_UNBLDRE: Unable to load application resource file /resources/.well-known/appspecific/com.chrome.devtools.json api\debug\debug.cpp:20 Home@LENOVOZ
INFO 2026-03-04 19:45:42,082 Reloading the application... api\debug\debug.cpp:17 Home@LENOVOZ
ERROR 2026-03-04 19:45:42,204 NE_RS_UNBLDRE: Unable to load application resource file /resources/.well-known/appspecific/com.chrome.devtools.json api\debug\debug.cpp:20 Home@LENOVOZ
ERROR 2026-03-04 19:45:42,206 NE_RS_UNBLDRE: Unable to load application resource file /resources/alarm.mp3 api\debug\debug.cpp:20 Home@LENOVOZ
INFO 2026-03-04 19:45:44,088 Reloading the application... api\debug\debug.cpp:17 Home@LENOVOZ
ERROR 2026-03-04 19:45:44,184 NE_RS_UNBLDRE: Unable to load application resource file /resources/.well-known/appspecific/com.chrome.devtools.json api\debug\debug.cpp:20 Home@LENOVOZ
ERROR 2026-03-04 19:45:44,188 NE_RS_UNBLDRE: Unable to load application resource file /resources/alarm.mp3 api\debug\debug.cpp:20 Home@LENOVOZ
INFO 2026-03-04 19:50:50,996 Reloading the application... api\debug\debug.cpp:17 Home@LENOVOZ
ERROR 2026-03-04 19:50:51,304 NE_RS_UNBLDRE: Unable to load application resource file /resources/alarm.mp3 api\debug\debug.cpp:20 Home@LENOVOZ
ERROR 2026-03-04 19:50:51,307 NE_RS_UNBLDRE: Unable to load application resource file /resources/.well-known/appspecific/com.chrome.devtools.json api\debug\debug.cpp:20 Home@LENOVOZ
INFO 2026-03-04 19:50:56,617 Reloading the application... api\debug\debug.cpp:17 Home@LENOVOZ
ERROR 2026-03-04 19:50:56,678 NE_RS_UNBLDRE: Unable to load application resource file /resources/alarm.mp3 api\debug\debug.cpp:20 Home@LENOVOZ
ERROR 2026-03-04 19:50:56,706 NE_RS_UNBLDRE: Unable to load application resource file /resources/.well-known/appspecific/com.chrome.devtools.json api\debug\debug.cpp:20 Home@LENOVOZ
INFO 2026-03-04 19:51:10,739 Reloading the application... api\debug\debug.cpp:17 Home@LENOVOZ
ERROR 2026-03-04 19:51:10,822 NE_RS_UNBLDRE: Unable to load application resource file /resources/.well-known/appspecific/com.chrome.devtools.json api\debug\debug.cpp:20 Home@LENOVOZ
ERROR 2026-03-04 19:51:10,842 NE_RS_UNBLDRE: Unable to load application resource file /resources/alarm.mp3 api\debug\debug.cpp:20 Home@LENOVOZ
INFO 2026-03-04 19:51:40,599 Reloading the application... api\debug\debug.cpp:17 Home@LENOVOZ
ERROR 2026-03-04 19:51:40,755 NE_RS_UNBLDRE: Unable to load application resource file /resources/alarm.mp3 api\debug\debug.cpp:20 Home@LENOVOZ
ERROR 2026-03-04 19:51:40,766 NE_RS_UNBLDRE: Unable to load application resource file /resources/.well-known/appspecific/com.chrome.devtools.json api\debug\debug.cpp:20 Home@LENOVOZ
INFO 2026-03-04 19:51:58,066 Reloading the application... api\debug\debug.cpp:17 Home@LENOVOZ
ERROR 2026-03-04 19:51:58,145 NE_RS_UNBLDRE: Unable to load application resource file /resources/alarm.mp3 api\debug\debug.cpp:20 Home@LENOVOZ
ERROR 2026-03-04 19:51:58,180 NE_RS_UNBLDRE: Unable to load application resource file /resources/.well-known/appspecific/com.chrome.devtools.json api\debug\debug.cpp:20 Home@LENOVOZ
INFO 2026-03-04 19:52:09,985 Reloading the application... api\debug\debug.cpp:17 Home@LENOVOZ
ERROR 2026-03-04 19:52:10,073 NE_RS_UNBLDRE: Unable to load application resource file /resources/alarm.mp3 api\debug\debug.cpp:20 Home@LENOVOZ
ERROR 2026-03-04 19:52:10,074 NE_RS_UNBLDRE: Unable to load application resource file /resources/.well-known/appspecific/com.chrome.devtools.json api\debug\debug.cpp:20 Home@LENOVOZ
INFO 2026-03-04 19:52:14,561 Reloading the application... api\debug\debug.cpp:17 Home@LENOVOZ
ERROR 2026-03-04 19:52:14,663 NE_RS_UNBLDRE: Unable to load application resource file /resources/.well-known/appspecific/com.chrome.devtools.json api\debug\debug.cpp:20 Home@LENOVOZ
ERROR 2026-03-04 19:52:14,663 NE_RS_UNBLDRE: Unable to load application resource file /resources/alarm.mp3 api\debug\debug.cpp:20 Home@LENOVOZ
INFO 2026-03-04 19:52:15,824 Reloading the application... api\debug\debug.cpp:17 Home@LENOVOZ
ERROR 2026-03-04 19:52:15,873 NE_RS_UNBLDRE: Unable to load application resource file /resources/alarm.mp3 api\debug\debug.cpp:20 Home@LENOVOZ
ERROR 2026-03-04 19:52:15,915 NE_RS_UNBLDRE: Unable to load application resource file /resources/.well-known/appspecific/com.chrome.devtools.json api\debug\debug.cpp:20 Home@LENOVOZ
INFO 2026-03-04 19:52:17,216 Reloading the application... api\debug\debug.cpp:17 Home@LENOVOZ
ERROR 2026-03-04 19:52:17,273 NE_RS_UNBLDRE: Unable to load application resource file /resources/alarm.mp3 api\debug\debug.cpp:20 Home@LENOVOZ
ERROR 2026-03-04 19:52:17,324 NE_RS_UNBLDRE: Unable to load application resource file /resources/.well-known/appspecific/com.chrome.devtools.json api\debug\debug.cpp:20 Home@LENOVOZ
INFO 2026-03-04 20:03:09,937 Reloading the application... api\debug\debug.cpp:17 Home@LENOVOZ
ERROR 2026-03-04 20:03:15,913 NE_RS_UNBLDRE: Unable to load application resource file /resources/alarm.mp3 api\debug\debug.cpp:20 Home@LENOVOZ
ERROR 2026-03-04 20:03:15,988 NE_RS_UNBLDRE: Unable to load application resource file /resources/.well-known/appspecific/com.chrome.devtools.json api\debug\debug.cpp:20 Home@LENOVOZ
INFO 2026-03-04 20:07:49,331 Reloading the application... api\debug\debug.cpp:17 Home@LENOVOZ
ERROR 2026-03-04 20:07:49,609 NE_RS_UNBLDRE: Unable to load application resource file /resources/alarm.mp3 api\debug\debug.cpp:20 Home@LENOVOZ
ERROR 2026-03-04 20:07:49,610 NE_RS_UNBLDRE: Unable to load application resource file /resources/.well-known/appspecific/com.chrome.devtools.json api\debug\debug.cpp:20 Home@LENOVOZ
INFO 2026-03-04 20:10:32,019 Reloading the application... api\debug\debug.cpp:17 Home@LENOVOZ
ERROR 2026-03-04 20:10:38,192 NE_RS_UNBLDRE: Unable to load application resource file /resources/alarm.mp3 api\debug\debug.cpp:20 Home@LENOVOZ
ERROR 2026-03-04 20:10:38,194 NE_RS_UNBLDRE: Unable to load application resource file /resources/.well-known/appspecific/com.chrome.devtools.json api\debug\debug.cpp:20 Home@LENOVOZ
INFO 2026-03-04 20:12:00,602 Auth info was exported to ./.tmp/auth_info.json api\debug\debug.cpp:17 Home@LENOVOZ
ERROR 2026-03-04 20:12:15,771 NE_RS_UNBLDRE: Unable to load application resource file /resources/alarm.mp3 api\debug\debug.cpp:20 Home@LENOVOZ
ERROR 2026-03-04 20:12:16,369 NE_RS_UNBLDRE: Unable to load application resource file /resources/favicon.ico api\debug\debug.cpp:20 Home@LENOVOZ
ERROR 2026-03-04 20:12:16,784 NE_RS_UNBLDRE: Unable to load application resource file /resources/.well-known/appspecific/com.chrome.devtools.json api\debug\debug.cpp:20 Home@LENOVOZ
INFO 2026-03-04 20:48:28,324 Reloading the application... api\debug\debug.cpp:17 Home@LENOVOZ
ERROR 2026-03-04 20:48:33,016 NE_RS_UNBLDRE: Unable to load application resource file /resources/alarm.mp3 api\debug\debug.cpp:20 Home@LENOVOZ
ERROR 2026-03-04 20:48:33,019 NE_RS_UNBLDRE: Unable to load application resource file /resources/.well-known/appspecific/com.chrome.devtools.json api\debug\debug.cpp:20 Home@LENOVOZ
INFO 2026-03-04 20:48:33,048 Reloading the application... api\debug\debug.cpp:17 Home@LENOVOZ
ERROR 2026-03-04 20:48:33,151 NE_RS_UNBLDRE: Unable to load application resource file /resources/alarm.mp3 api\debug\debug.cpp:20 Home@LENOVOZ
INFO 2026-03-04 20:48:33,167 Reloading the application... api\debug\debug.cpp:17 Home@LENOVOZ
ERROR 2026-03-04 20:48:33,197 NE_RS_UNBLDRE: Unable to load application resource file /resources/.well-known/appspecific/com.chrome.devtools.json api\debug\debug.cpp:20 Home@LENOVOZ
ERROR 2026-03-04 20:48:33,602 NE_RS_UNBLDRE: Unable to load application resource file /resources/alarm.mp3 api\debug\debug.cpp:20 Home@LENOVOZ
ERROR 2026-03-04 20:48:33,603 NE_RS_UNBLDRE: Unable to load application resource file /resources/.well-known/appspecific/com.chrome.devtools.json api\debug\debug.cpp:20 Home@LENOVOZ
INFO 2026-03-04 20:48:51,868 Reloading the application... api\debug\debug.cpp:17 Home@LENOVOZ
ERROR 2026-03-04 20:48:52,222 NE_RS_UNBLDRE: Unable to load application resource file /resources/.well-known/appspecific/com.chrome.devtools.json api\debug\debug.cpp:20 Home@LENOVOZ
ERROR 2026-03-04 20:48:52,238 NE_RS_UNBLDRE: Unable to load application resource file /resources/alarm.mp3 api\debug\debug.cpp:20 Home@LENOVOZ
INFO 2026-03-04 20:49:09,326 Reloading the application... api\debug\debug.cpp:17 Home@LENOVOZ
ERROR 2026-03-04 20:49:09,626 NE_RS_UNBLDRE: Unable to load application resource file /resources/.well-known/appspecific/com.chrome.devtools.json api\debug\debug.cpp:20 Home@LENOVOZ
ERROR 2026-03-04 20:49:09,642 NE_RS_UNBLDRE: Unable to load application resource file /resources/alarm.mp3 api\debug\debug.cpp:20 Home@LENOVOZ
INFO 2026-03-04 20:49:12,816 Reloading the application... api\debug\debug.cpp:17 Home@LENOVOZ
ERROR 2026-03-04 20:49:12,957 NE_RS_UNBLDRE: Unable to load application resource file /resources/alarm.mp3 api\debug\debug.cpp:20 Home@LENOVOZ
ERROR 2026-03-04 20:49:12,957 NE_RS_UNBLDRE: Unable to load application resource file /resources/.well-known/appspecific/com.chrome.devtools.json api\debug\debug.cpp:20 Home@LENOVOZ
INFO 2026-03-04 21:08:58,379 Reloading the application... api\debug\debug.cpp:17 Home@LENOVOZ
ERROR 2026-03-04 21:09:06,907 NE_RS_UNBLDRE: Unable to load application resource file /resources/alarm.mp3 api\debug\debug.cpp:20 Home@LENOVOZ
INFO 2026-03-04 21:15:02,593 Reloading the application... api\debug\debug.cpp:17 Home@LENOVOZ
INFO 2026-03-04 21:17:32,847 Auth info was exported to ./.tmp/auth_info.json api\debug\debug.cpp:17 Home@LENOVOZ
ERROR 2026-03-04 21:18:00,317 NE_RS_UNBLDRE: Unable to load application resource file /resources/.well-known/appspecific/com.chrome.devtools.json api\debug\debug.cpp:20 Home@LENOVOZ
ERROR 2026-03-04 21:18:00,982 NE_RS_UNBLDRE: Unable to load application resource file /resources/alarm.mp3 api\debug\debug.cpp:20 Home@LENOVOZ
ERROR 2026-03-04 21:18:01,246 NE_RS_UNBLDRE: Unable to load application resource file /resources/favicon.ico api\debug\debug.cpp:20 Home@LENOVOZ
INFO 2026-03-04 23:09:52,019 Auth info was exported to ./.tmp/auth_info.json api\debug\debug.cpp:17 Home@LENOVOZ
ERROR 2026-03-04 23:10:20,759 NE_RS_UNBLDRE: Unable to load application resource file /resources/alarm.mp3 api\debug\debug.cpp:20 Home@LENOVOZ
ERROR 2026-03-04 23:10:23,815 NE_RS_UNBLDRE: Unable to load application resource file /resources/favicon.ico api\debug\debug.cpp:20 Home@LENOVOZ
ERROR 2026-03-04 23:10:25,455 NE_RS_UNBLDRE: Unable to load application resource file /resources/.well-known/appspecific/com.chrome.devtools.json api\debug\debug.cpp:20 Home@LENOVOZ
INFO 2026-03-12 13:59:58,277 Auth info was exported to ./.tmp/auth_info.json api\debug\debug.cpp:17 Home@LENOVOZ
INFO 2026-03-12 14:10:22,881 Auth info was exported to ./.tmp/auth_info.json api\debug\debug.cpp:17 Home@LENOVOZ
INFO 2026-03-12 14:18:02,468 Auth info was exported to ./.tmp/auth_info.json api\debug\debug.cpp:17 Home@LENOVOZ
INFO 2026-03-12 16:44:55,751 Auth info was exported to ./.tmp/auth_info.json api\debug\debug.cpp:17 Home@LENOVOZ
ERROR 2026-03-12 16:45:11,433 NE_RS_UNBLDRE: Unable to load application resource file /resources/favicon.ico api\debug\debug.cpp:20 Home@LENOVOZ
ERROR 2026-03-12 16:45:18,896 NE_RS_UNBLDRE: Unable to load application resource file /resources/.well-known/appspecific/com.chrome.devtools.json api\debug\debug.cpp:20 Home@LENOVOZ
ERROR 2026-03-12 16:46:18,810 NE_RS_UNBLDRE: Unable to load application resource file /resources/.well-known/appspecific/com.chrome.devtools.json api\debug\debug.cpp:20 Home@LENOVOZ
INFO 2026-03-12 16:47:10,721 Auth info was exported to ./.tmp/auth_info.json api\debug\debug.cpp:17 Home@LENOVOZ
ERROR 2026-03-12 16:47:13,311 NE_RS_UNBLDRE: Unable to load application resource file /resources/favicon.ico api\debug\debug.cpp:20 Home@LENOVOZ
ERROR 2026-03-12 16:47:15,956 NE_RS_UNBLDRE: Unable to load application resource file /resources/.well-known/appspecific/com.chrome.devtools.json api\debug\debug.cpp:20 Home@LENOVOZ
INFO 2026-03-12 18:01:33,426 Auth info was exported to ./.tmp/auth_info.json C:\Users\Home\Desktop\GSoC\neutralinojs\api\debug\debug.cpp:17 Home@LENOVOZ
ERROR 2026-03-12 18:01:42,664 NE_RS_UNBLDRE: Unable to load application resource file /resources/favicon.ico C:\Users\Home\Desktop\GSoC\neutralinojs\api\debug\debug.cpp:20 Home@LENOVOZ
ERROR 2026-03-12 18:01:43,892 NE_RS_UNBLDRE: Unable to load application resource file /resources/.well-known/appspecific/com.chrome.devtools.json C:\Users\Home\Desktop\GSoC\neutralinojs\api\debug\debug.cpp:20 Home@LENOVOZ
INFO 2026-03-12 19:36:37,057 Auth info was exported to ./.tmp/auth_info.json C:\Users\Home\Desktop\GSoC\neutralinojs\api\debug\debug.cpp:17 Home@LENOVOZ
ERROR 2026-03-12 19:37:34,844 NE_RS_UNBLDRE: Unable to load application resource file /resources/.well-known/appspecific/com.chrome.devtools.json C:\Users\Home\Desktop\GSoC\neutralinojs\api\debug\debug.cpp:20 Home@LENOVOZ
ERROR 2026-03-12 19:37:45,292 NE_RS_UNBLDRE: Unable to load application resource file /resources/favicon.ico C:\Users\Home\Desktop\GSoC\neutralinojs\api\debug\debug.cpp:20 Home@LENOVOZ
INFO 2026-03-12 21:22:42,260 Auth info was exported to ./.tmp/auth_info.json C:\Users\Home\Desktop\GSoC\neutralinojs\api\debug\debug.cpp:17 Home@LENOVOZ
ERROR 2026-03-12 21:23:01,549 NE_RS_UNBLDRE: Unable to load application resource file /resources/favicon.ico C:\Users\Home\Desktop\GSoC\neutralinojs\api\debug\debug.cpp:20 Home@LENOVOZ
ERROR 2026-03-12 21:23:03,326 NE_RS_UNBLDRE: Unable to load application resource file /resources/.well-known/appspecific/com.chrome.devtools.json C:\Users\Home\Desktop\GSoC\neutralinojs\api\debug\debug.cpp:20 Home@LENOVOZ
